
12월 13, 2017 11:27:57.30 NEW SESSION
12월 13, 2017 11:27:57.31 [3612:9432:1213/112757.301:ERROR:account_tracker.cc(328)] OnGetTokenFailure: Invalid credentials.
12월 13, 2017 11:27:57.31 [3612:9432:1213/112757.301:ERROR:account_tracker.cc(328)] OnGetTokenFailure: Invalid credentials.
12월 13, 2017 11:28:12.35 [10904:8860:1213/112812.354:ERROR:account_tracker.cc(328)] OnGetTokenFailure: Invalid credentials.
12월 13, 2017 11:28:12.35 [10904:8860:1213/112812.354:ERROR:account_tracker.cc(328)] OnGetTokenFailure: Invalid credentials.
12월 13, 2017 11:28:26.27 [2920:7568:1213/112826.279:ERROR:account_tracker.cc(328)] OnGetTokenFailure: Invalid credentials.
12월 13, 2017 11:28:26.28 [2920:7568:1213/112826.279:ERROR:account_tracker.cc(328)] OnGetTokenFailure: Invalid credentials.
12월 13, 2017 11:29:26.95 [1464:2996:1213/112926.953:ERROR:account_tracker.cc(328)] OnGetTokenFailure: Invalid credentials.
12월 13, 2017 11:29:26.95 [1464:2996:1213/112926.953:ERROR:account_tracker.cc(328)] OnGetTokenFailure: Invalid credentials.
12월 13, 2017 11:30:10.84 [1764:7212:1213/113010.840:ERROR:account_tracker.cc(328)] OnGetTokenFailure: Invalid credentials.
12월 13, 2017 11:30:10.84 [1764:7212:1213/113010.840:ERROR:account_tracker.cc(328)] OnGetTokenFailure: Invalid credentials.
12월 13, 2017 11:31:08.92 [7160:6604:1213/113108.920:ERROR:account_tracker.cc(328)] OnGetTokenFailure: Invalid credentials.
12월 13, 2017 11:31:08.92 [7160:6604:1213/113108.920:ERROR:account_tracker.cc(328)] OnGetTokenFailure: Invalid credentials.
12월 13, 2017 11:31:40.07 [10632:5852:1213/113140.075:ERROR:account_tracker.cc(328)] OnGetTokenFailure: Invalid credentials.
12월 13, 2017 11:31:40.07 [10632:5852:1213/113140.075:ERROR:account_tracker.cc(328)] OnGetTokenFailure: Invalid credentials.
12월 13, 2017 11:33:32.59 [6296:3108:1213/113332.594:ERROR:account_tracker.cc(328)] OnGetTokenFailure: Invalid credentials.
12월 13, 2017 11:33:32.59 [6296:3108:1213/113332.594:ERROR:account_tracker.cc(328)] OnGetTokenFailure: Invalid credentials.
12월 13, 2017 11:34:21.83 [6600:7572:1213/113421.832:ERROR:account_tracker.cc(328)] OnGetTokenFailure: Invalid credentials.
12월 13, 2017 11:34:21.83 [6600:7572:1213/113421.832:ERROR:account_tracker.cc(328)] OnGetTokenFailure: Invalid credentials.
12월 13, 2017 12:07:55.66 [1068:4128:1213/120755.654:ERROR:account_tracker.cc(328)] OnGetTokenFailure: Invalid credentials.
12월 13, 2017 12:07:55.66 [1068:4128:1213/120755.654:ERROR:account_tracker.cc(328)] OnGetTokenFailure: Invalid credentials.
12월 13, 2017 12:08:13.59 [8260:5900:1213/120813.593:ERROR:account_tracker.cc(328)] OnGetTokenFailure: Invalid credentials.
12월 13, 2017 12:08:13.59 [8260:5900:1213/120813.593:ERROR:account_tracker.cc(328)] OnGetTokenFailure: Invalid credentials.
12월 13, 2017 12:08:37.08 [1348:8552:1213/120837.080:ERROR:account_tracker.cc(328)] OnGetTokenFailure: Invalid credentials.
12월 13, 2017 12:08:37.08 [1348:8552:1213/120837.080:ERROR:account_tracker.cc(328)] OnGetTokenFailure: Invalid credentials.

12월 13, 2017 12:28:24.24 NEW SESSION
12월 13, 2017 12:28:24.24 [8468:8392:1213/122824.232:ERROR:account_tracker.cc(328)] OnGetTokenFailure: Invalid credentials.
12월 13, 2017 12:28:24.24 [8468:8392:1213/122824.232:ERROR:account_tracker.cc(328)] OnGetTokenFailure: Invalid credentials.
12월 13, 2017 12:28:34.06 [10316:2564:1213/122834.066:ERROR:account_tracker.cc(328)] OnGetTokenFailure: Invalid credentials.
12월 13, 2017 12:28:34.06 [10316:2564:1213/122834.066:ERROR:account_tracker.cc(328)] OnGetTokenFailure: Invalid credentials.

12월 18, 2017 10:35:27.54 NEW SESSION
12월 18, 2017 10:35:27.54 [9232:13056:1218/103527.549:ERROR:process_metrics.cc(105)] NOT IMPLEMENTED
12월 18, 2017 10:35:27.54 [9232:13056:1218/103527.549:ERROR:process_metrics.cc(105)] NOT IMPLEMENTED
12월 18, 2017 10:35:27.54 [9232:13056:1218/103527.549:ERROR:process_metrics.cc(105)] NOT IMPLEMENTED
12월 18, 2017 10:37:27.54 [9232:13056:1218/103727.549:ERROR:process_metrics.cc(105)] NOT IMPLEMENTED
12월 18, 2017 10:37:27.54 [9232:13056:1218/103727.549:ERROR:process_metrics.cc(105)] NOT IMPLEMENTED
12월 18, 2017 10:37:27.54 [9232:13056:1218/103727.549:ERROR:process_metrics.cc(105)] NOT IMPLEMENTED
12월 18, 2017 10:39:27.56 [9232:13056:1218/103927.562:ERROR:process_metrics.cc(105)] NOT IMPLEMENTED
12월 18, 2017 10:39:27.56 [9232:13056:1218/103927.562:ERROR:process_metrics.cc(105)] NOT IMPLEMENTED
12월 18, 2017 10:39:27.56 [9232:13056:1218/103927.562:ERROR:process_metrics.cc(105)] NOT IMPLEMENTED
12월 18, 2017 10:49:59.89 [8608:10244:1218/104959.893:ERROR:process_metrics.cc(105)] NOT IMPLEMENTED
12월 18, 2017 10:49:59.89 [8608:10244:1218/104959.893:ERROR:process_metrics.cc(105)] NOT IMPLEMENTED
12월 18, 2017 10:49:59.89 [8608:10244:1218/104959.893:ERROR:process_metrics.cc(105)] NOT IMPLEMENTED
12월 18, 2017 10:51:59.90 [8608:10244:1218/105159.908:ERROR:process_metrics.cc(105)] NOT IMPLEMENTED
12월 18, 2017 10:51:59.90 [8608:10244:1218/105159.908:ERROR:process_metrics.cc(105)] NOT IMPLEMENTED
12월 18, 2017 10:51:59.90 [8608:10244:1218/105159.908:ERROR:process_metrics.cc(105)] NOT IMPLEMENTED
12월 18, 2017 10:53:59.91 [8608:10244:1218/105359.917:ERROR:process_metrics.cc(105)] NOT IMPLEMENTED
12월 18, 2017 10:53:59.91 [8608:10244:1218/105359.917:ERROR:process_metrics.cc(105)] NOT IMPLEMENTED
12월 18, 2017 10:53:59.91 [8608:10244:1218/105359.917:ERROR:process_metrics.cc(105)] NOT IMPLEMENTED
12월 18, 2017 10:55:59.92 [8608:10244:1218/105559.924:ERROR:process_metrics.cc(105)] NOT IMPLEMENTED
12월 18, 2017 10:55:59.92 [8608:10244:1218/105559.924:ERROR:process_metrics.cc(105)] NOT IMPLEMENTED
12월 18, 2017 10:55:59.92 [8608:10244:1218/105559.924:ERROR:process_metrics.cc(105)] NOT IMPLEMENTED
12월 18, 2017 10:57:59.92 [8608:10244:1218/105759.927:ERROR:process_metrics.cc(105)] NOT IMPLEMENTED
12월 18, 2017 10:57:59.92 [8608:10244:1218/105759.927:ERROR:process_metrics.cc(105)] NOT IMPLEMENTED
12월 18, 2017 10:57:59.92 [8608:10244:1218/105759.927:ERROR:process_metrics.cc(105)] NOT IMPLEMENTED
12월 18, 2017 10:59:59.94 [8608:10244:1218/105959.943:ERROR:process_metrics.cc(105)] NOT IMPLEMENTED
12월 18, 2017 10:59:59.94 [8608:10244:1218/105959.943:ERROR:process_metrics.cc(105)] NOT IMPLEMENTED
12월 18, 2017 10:59:59.94 [8608:10244:1218/105959.943:ERROR:process_metrics.cc(105)] NOT IMPLEMENTED
12월 18, 2017 11:01:59.95 [8608:10244:1218/110159.952:ERROR:process_metrics.cc(105)] NOT IMPLEMENTED
12월 18, 2017 11:01:59.95 [8608:10244:1218/110159.952:ERROR:process_metrics.cc(105)] NOT IMPLEMENTED
12월 18, 2017 11:01:59.95 [8608:10244:1218/110159.952:ERROR:process_metrics.cc(105)] NOT IMPLEMENTED
12월 18, 2017 11:03:59.95 [8608:10244:1218/110359.957:ERROR:process_metrics.cc(105)] NOT IMPLEMENTED
12월 18, 2017 11:03:59.95 [8608:10244:1218/110359.957:ERROR:process_metrics.cc(105)] NOT IMPLEMENTED
12월 18, 2017 11:03:59.95 [8608:10244:1218/110359.957:ERROR:process_metrics.cc(105)] NOT IMPLEMENTED
12월 18, 2017 11:05:59.95 [8608:10244:1218/110559.959:ERROR:process_metrics.cc(105)] NOT IMPLEMENTED
12월 18, 2017 11:05:59.95 [8608:10244:1218/110559.959:ERROR:process_metrics.cc(105)] NOT IMPLEMENTED
12월 18, 2017 11:05:59.95 [8608:10244:1218/110559.959:ERROR:process_metrics.cc(105)] NOT IMPLEMENTED
12월 18, 2017 11:07:59.97 [8608:10244:1218/110759.972:ERROR:process_metrics.cc(105)] NOT IMPLEMENTED
12월 18, 2017 11:07:59.97 [8608:10244:1218/110759.972:ERROR:process_metrics.cc(105)] NOT IMPLEMENTED
12월 18, 2017 11:07:59.97 [8608:10244:1218/110759.972:ERROR:process_metrics.cc(105)] NOT IMPLEMENTED
12월 18, 2017 11:09:59.97 [8608:10244:1218/110959.978:ERROR:process_metrics.cc(105)] NOT IMPLEMENTED
12월 18, 2017 11:09:59.97 [8608:10244:1218/110959.978:ERROR:process_metrics.cc(105)] NOT IMPLEMENTED
12월 18, 2017 11:09:59.97 [8608:10244:1218/110959.978:ERROR:process_metrics.cc(105)] NOT IMPLEMENTED
12월 18, 2017 11:11:59.98 [8608:10244:1218/111159.986:ERROR:process_metrics.cc(105)] NOT IMPLEMENTED
12월 18, 2017 11:11:59.98 [8608:10244:1218/111159.986:ERROR:process_metrics.cc(105)] NOT IMPLEMENTED
12월 18, 2017 11:11:59.98 [8608:10244:1218/111159.986:ERROR:process_metrics.cc(105)] NOT IMPLEMENTED
12월 18, 2017 11:13:59.99 [8608:10244:1218/111359.995:ERROR:process_metrics.cc(105)] NOT IMPLEMENTED
12월 18, 2017 11:13:59.99 [8608:10244:1218/111359.995:ERROR:process_metrics.cc(105)] NOT IMPLEMENTED
12월 18, 2017 11:13:59.99 [8608:10244:1218/111359.995:ERROR:process_metrics.cc(105)] NOT IMPLEMENTED
12월 18, 2017 11:16:00.00 [8608:10244:1218/111600.000:ERROR:process_metrics.cc(105)] NOT IMPLEMENTED
12월 18, 2017 11:16:00.00 [8608:10244:1218/111600.000:ERROR:process_metrics.cc(105)] NOT IMPLEMENTED
12월 18, 2017 11:16:00.00 [8608:10244:1218/111600.000:ERROR:process_metrics.cc(105)] NOT IMPLEMENTED
12월 18, 2017 11:18:00.01 [8608:10244:1218/111800.016:ERROR:process_metrics.cc(105)] NOT IMPLEMENTED
12월 18, 2017 11:18:00.01 [8608:10244:1218/111800.016:ERROR:process_metrics.cc(105)] NOT IMPLEMENTED
12월 18, 2017 11:18:00.01 [8608:10244:1218/111800.016:ERROR:process_metrics.cc(105)] NOT IMPLEMENTED
12월 18, 2017 11:20:00.01 [8608:10244:1218/112000.017:ERROR:process_metrics.cc(105)] NOT IMPLEMENTED
12월 18, 2017 11:20:00.01 [8608:10244:1218/112000.017:ERROR:process_metrics.cc(105)] NOT IMPLEMENTED
12월 18, 2017 11:20:00.01 [8608:10244:1218/112000.017:ERROR:process_metrics.cc(105)] NOT IMPLEMENTED
12월 18, 2017 11:22:00.03 [8608:10244:1218/112200.032:ERROR:process_metrics.cc(105)] NOT IMPLEMENTED
12월 18, 2017 11:22:00.03 [8608:10244:1218/112200.032:ERROR:process_metrics.cc(105)] NOT IMPLEMENTED
12월 18, 2017 11:22:00.03 [8608:10244:1218/112200.032:ERROR:process_metrics.cc(105)] NOT IMPLEMENTED
12월 18, 2017 11:24:00.04 [8608:10244:1218/112400.043:ERROR:process_metrics.cc(105)] NOT IMPLEMENTED
12월 18, 2017 11:24:00.04 [8608:10244:1218/112400.043:ERROR:process_metrics.cc(105)] NOT IMPLEMENTED
12월 18, 2017 11:24:00.04 [8608:10244:1218/112400.043:ERROR:process_metrics.cc(105)] NOT IMPLEMENTED
12월 18, 2017 11:26:00.04 [8608:10244:1218/112600.049:ERROR:process_metrics.cc(105)] NOT IMPLEMENTED
12월 18, 2017 11:26:00.04 [8608:10244:1218/112600.049:ERROR:process_metrics.cc(105)] NOT IMPLEMENTED
12월 18, 2017 11:26:00.04 [8608:10244:1218/112600.049:ERROR:process_metrics.cc(105)] NOT IMPLEMENTED
12월 18, 2017 11:28:00.05 [8608:10244:1218/112800.059:ERROR:process_metrics.cc(105)] NOT IMPLEMENTED
12월 18, 2017 11:28:00.05 [8608:10244:1218/112800.059:ERROR:process_metrics.cc(105)] NOT IMPLEMENTED
12월 18, 2017 11:28:00.05 [8608:10244:1218/112800.059:ERROR:process_metrics.cc(105)] NOT IMPLEMENTED
12월 18, 2017 11:30:00.06 [8608:10244:1218/113000.064:ERROR:process_metrics.cc(105)] NOT IMPLEMENTED
12월 18, 2017 11:30:00.06 [8608:10244:1218/113000.064:ERROR:process_metrics.cc(105)] NOT IMPLEMENTED
12월 18, 2017 11:30:00.06 [8608:10244:1218/113000.064:ERROR:process_metrics.cc(105)] NOT IMPLEMENTED
12월 18, 2017 11:32:00.07 [8608:10244:1218/113200.079:ERROR:process_metrics.cc(105)] NOT IMPLEMENTED
12월 18, 2017 11:32:00.07 [8608:10244:1218/113200.079:ERROR:process_metrics.cc(105)] NOT IMPLEMENTED
12월 18, 2017 11:32:00.07 [8608:10244:1218/113200.079:ERROR:process_metrics.cc(105)] NOT IMPLEMENTED
12월 18, 2017 11:34:00.08 [8608:10244:1218/113400.083:ERROR:process_metrics.cc(105)] NOT IMPLEMENTED
12월 18, 2017 11:34:00.08 [8608:10244:1218/113400.083:ERROR:process_metrics.cc(105)] NOT IMPLEMENTED
12월 18, 2017 11:34:00.08 [8608:10244:1218/113400.083:ERROR:process_metrics.cc(105)] NOT IMPLEMENTED
12월 18, 2017 11:36:00.08 [8608:10244:1218/113600.086:ERROR:process_metrics.cc(105)] NOT IMPLEMENTED
12월 18, 2017 11:36:00.08 [8608:10244:1218/113600.086:ERROR:process_metrics.cc(105)] NOT IMPLEMENTED
12월 18, 2017 11:36:00.08 [8608:10244:1218/113600.086:ERROR:process_metrics.cc(105)] NOT IMPLEMENTED
12월 18, 2017 11:38:00.09 [8608:10244:1218/113800.094:ERROR:process_metrics.cc(105)] NOT IMPLEMENTED
12월 18, 2017 11:38:00.09 [8608:10244:1218/113800.094:ERROR:process_metrics.cc(105)] NOT IMPLEMENTED
12월 18, 2017 11:38:00.09 [8608:10244:1218/113800.094:ERROR:process_metrics.cc(105)] NOT IMPLEMENTED
12월 18, 2017 11:40:00.09 [8608:10244:1218/114000.097:ERROR:process_metrics.cc(105)] NOT IMPLEMENTED
12월 18, 2017 11:40:00.09 [8608:10244:1218/114000.097:ERROR:process_metrics.cc(105)] NOT IMPLEMENTED
12월 18, 2017 11:40:00.09 [8608:10244:1218/114000.097:ERROR:process_metrics.cc(105)] NOT IMPLEMENTED
12월 18, 2017 11:42:00.10 [8608:10244:1218/114200.103:ERROR:process_metrics.cc(105)] NOT IMPLEMENTED
12월 18, 2017 11:42:00.10 [8608:10244:1218/114200.103:ERROR:process_metrics.cc(105)] NOT IMPLEMENTED
12월 18, 2017 11:42:00.10 [8608:10244:1218/114200.103:ERROR:process_metrics.cc(105)] NOT IMPLEMENTED
12월 18, 2017 11:44:00.10 [8608:10244:1218/114400.107:ERROR:process_metrics.cc(105)] NOT IMPLEMENTED
12월 18, 2017 11:44:00.10 [8608:10244:1218/114400.107:ERROR:process_metrics.cc(105)] NOT IMPLEMENTED
12월 18, 2017 11:44:00.10 [8608:10244:1218/114400.107:ERROR:process_metrics.cc(105)] NOT IMPLEMENTED
12월 18, 2017 11:46:00.12 [8608:10244:1218/114600.121:ERROR:process_metrics.cc(105)] NOT IMPLEMENTED
12월 18, 2017 11:46:00.12 [8608:10244:1218/114600.121:ERROR:process_metrics.cc(105)] NOT IMPLEMENTED
12월 18, 2017 11:46:00.12 [8608:10244:1218/114600.121:ERROR:process_metrics.cc(105)] NOT IMPLEMENTED
12월 18, 2017 11:48:00.12 [8608:10244:1218/114800.128:ERROR:process_metrics.cc(105)] NOT IMPLEMENTED
12월 18, 2017 11:48:00.12 [8608:10244:1218/114800.128:ERROR:process_metrics.cc(105)] NOT IMPLEMENTED
12월 18, 2017 11:48:00.12 [8608:10244:1218/114800.128:ERROR:process_metrics.cc(105)] NOT IMPLEMENTED
12월 18, 2017 11:50:00.13 [8608:10244:1218/115000.131:ERROR:process_metrics.cc(105)] NOT IMPLEMENTED
12월 18, 2017 11:50:00.13 [8608:10244:1218/115000.131:ERROR:process_metrics.cc(105)] NOT IMPLEMENTED
12월 18, 2017 11:50:00.13 [8608:10244:1218/115000.131:ERROR:process_metrics.cc(105)] NOT IMPLEMENTED
12월 18, 2017 11:52:00.14 [8608:10244:1218/115200.146:ERROR:process_metrics.cc(105)] NOT IMPLEMENTED
12월 18, 2017 11:52:00.14 [8608:10244:1218/115200.146:ERROR:process_metrics.cc(105)] NOT IMPLEMENTED
12월 18, 2017 11:52:00.14 [8608:10244:1218/115200.146:ERROR:process_metrics.cc(105)] NOT IMPLEMENTED
12월 18, 2017 11:54:00.15 [8608:10244:1218/115400.154:ERROR:process_metrics.cc(105)] NOT IMPLEMENTED
12월 18, 2017 11:54:00.15 [8608:10244:1218/115400.154:ERROR:process_metrics.cc(105)] NOT IMPLEMENTED
12월 18, 2017 11:54:00.15 [8608:10244:1218/115400.154:ERROR:process_metrics.cc(105)] NOT IMPLEMENTED
12월 18, 2017 11:56:00.16 [8608:10244:1218/115600.165:ERROR:process_metrics.cc(105)] NOT IMPLEMENTED
12월 18, 2017 11:56:00.16 [8608:10244:1218/115600.165:ERROR:process_metrics.cc(105)] NOT IMPLEMENTED
12월 18, 2017 11:56:00.16 [8608:10244:1218/115600.165:ERROR:process_metrics.cc(105)] NOT IMPLEMENTED
12월 18, 2017 11:58:00.16 [8608:10244:1218/115800.169:ERROR:process_metrics.cc(105)] NOT IMPLEMENTED
12월 18, 2017 11:58:00.16 [8608:10244:1218/115800.169:ERROR:process_metrics.cc(105)] NOT IMPLEMENTED
12월 18, 2017 11:58:00.16 [8608:10244:1218/115800.169:ERROR:process_metrics.cc(105)] NOT IMPLEMENTED
12월 18, 2017 12:00:00.17 [8608:10244:1218/120000.176:ERROR:process_metrics.cc(105)] NOT IMPLEMENTED
12월 18, 2017 12:00:00.17 [8608:10244:1218/120000.176:ERROR:process_metrics.cc(105)] NOT IMPLEMENTED
12월 18, 2017 12:00:00.17 [8608:10244:1218/120000.176:ERROR:process_metrics.cc(105)] NOT IMPLEMENTED
12월 18, 2017 12:02:00.18 [8608:10244:1218/120200.179:ERROR:process_metrics.cc(105)] NOT IMPLEMENTED
12월 18, 2017 12:02:00.18 [8608:10244:1218/120200.179:ERROR:process_metrics.cc(105)] NOT IMPLEMENTED
12월 18, 2017 12:02:00.18 [8608:10244:1218/120200.179:ERROR:process_metrics.cc(105)] NOT IMPLEMENTED
12월 18, 2017 12:04:00.18 [8608:10244:1218/120400.182:ERROR:process_metrics.cc(105)] NOT IMPLEMENTED
12월 18, 2017 12:04:00.18 [8608:10244:1218/120400.182:ERROR:process_metrics.cc(105)] NOT IMPLEMENTED
12월 18, 2017 12:04:00.18 [8608:10244:1218/120400.182:ERROR:process_metrics.cc(105)] NOT IMPLEMENTED
12월 18, 2017 12:06:00.19 [8608:10244:1218/120600.191:ERROR:process_metrics.cc(105)] NOT IMPLEMENTED
12월 18, 2017 12:06:00.19 [8608:10244:1218/120600.191:ERROR:process_metrics.cc(105)] NOT IMPLEMENTED
12월 18, 2017 12:06:00.19 [8608:10244:1218/120600.191:ERROR:process_metrics.cc(105)] NOT IMPLEMENTED
12월 18, 2017 12:08:00.20 [8608:10244:1218/120800.202:ERROR:process_metrics.cc(105)] NOT IMPLEMENTED
12월 18, 2017 12:08:00.20 [8608:10244:1218/120800.202:ERROR:process_metrics.cc(105)] NOT IMPLEMENTED
12월 18, 2017 12:08:00.20 [8608:10244:1218/120800.202:ERROR:process_metrics.cc(105)] NOT IMPLEMENTED
12월 18, 2017 12:10:00.21 [8608:10244:1218/121000.217:ERROR:process_metrics.cc(105)] NOT IMPLEMENTED
12월 18, 2017 12:10:00.21 [8608:10244:1218/121000.217:ERROR:process_metrics.cc(105)] NOT IMPLEMENTED
12월 18, 2017 12:10:00.21 [8608:10244:1218/121000.217:ERROR:process_metrics.cc(105)] NOT IMPLEMENTED
12월 18, 2017 12:12:00.21 [8608:10244:1218/121200.219:ERROR:process_metrics.cc(105)] NOT IMPLEMENTED
12월 18, 2017 12:12:00.21 [8608:10244:1218/121200.219:ERROR:process_metrics.cc(105)] NOT IMPLEMENTED
12월 18, 2017 12:12:00.21 [8608:10244:1218/121200.219:ERROR:process_metrics.cc(105)] NOT IMPLEMENTED
12월 18, 2017 12:14:00.22 [8608:10244:1218/121400.222:ERROR:process_metrics.cc(105)] NOT IMPLEMENTED
12월 18, 2017 12:14:00.22 [8608:10244:1218/121400.222:ERROR:process_metrics.cc(105)] NOT IMPLEMENTED
12월 18, 2017 12:14:00.22 [8608:10244:1218/121400.222:ERROR:process_metrics.cc(105)] NOT IMPLEMENTED
12월 18, 2017 12:16:00.23 [8608:10244:1218/121600.233:ERROR:process_metrics.cc(105)] NOT IMPLEMENTED
12월 18, 2017 12:16:00.23 [8608:10244:1218/121600.233:ERROR:process_metrics.cc(105)] NOT IMPLEMENTED
12월 18, 2017 12:16:00.23 [8608:10244:1218/121600.233:ERROR:process_metrics.cc(105)] NOT IMPLEMENTED
12월 18, 2017 12:18:00.23 [8608:10244:1218/121800.238:ERROR:process_metrics.cc(105)] NOT IMPLEMENTED
12월 18, 2017 12:18:00.23 [8608:10244:1218/121800.238:ERROR:process_metrics.cc(105)] NOT IMPLEMENTED
12월 18, 2017 12:18:00.23 [8608:10244:1218/121800.238:ERROR:process_metrics.cc(105)] NOT IMPLEMENTED
12월 18, 2017 12:20:00.23 [8608:10244:1218/122000.239:ERROR:process_metrics.cc(105)] NOT IMPLEMENTED
12월 18, 2017 12:20:00.23 [8608:10244:1218/122000.239:ERROR:process_metrics.cc(105)] NOT IMPLEMENTED
12월 18, 2017 12:20:00.23 [8608:10244:1218/122000.239:ERROR:process_metrics.cc(105)] NOT IMPLEMENTED
12월 18, 2017 12:22:00.24 [8608:10244:1218/122200.248:ERROR:process_metrics.cc(105)] NOT IMPLEMENTED
12월 18, 2017 12:22:00.24 [8608:10244:1218/122200.248:ERROR:process_metrics.cc(105)] NOT IMPLEMENTED
12월 18, 2017 12:22:00.24 [8608:10244:1218/122200.248:ERROR:process_metrics.cc(105)] NOT IMPLEMENTED
12월 18, 2017 12:24:00.25 [8608:10244:1218/122400.253:ERROR:process_metrics.cc(105)] NOT IMPLEMENTED
12월 18, 2017 12:24:00.25 [8608:10244:1218/122400.253:ERROR:process_metrics.cc(105)] NOT IMPLEMENTED
12월 18, 2017 12:24:00.25 [8608:10244:1218/122400.253:ERROR:process_metrics.cc(105)] NOT IMPLEMENTED
12월 18, 2017 12:26:00.26 [8608:10244:1218/122600.265:ERROR:process_metrics.cc(105)] NOT IMPLEMENTED
12월 18, 2017 12:26:00.26 [8608:10244:1218/122600.265:ERROR:process_metrics.cc(105)] NOT IMPLEMENTED
12월 18, 2017 12:26:00.26 [8608:10244:1218/122600.265:ERROR:process_metrics.cc(105)] NOT IMPLEMENTED
12월 18, 2017 12:28:00.27 [8608:10244:1218/122800.274:ERROR:process_metrics.cc(105)] NOT IMPLEMENTED
12월 18, 2017 12:28:00.27 [8608:10244:1218/122800.274:ERROR:process_metrics.cc(105)] NOT IMPLEMENTED
12월 18, 2017 12:28:00.27 [8608:10244:1218/122800.274:ERROR:process_metrics.cc(105)] NOT IMPLEMENTED
12월 18, 2017 12:30:00.29 [8608:10244:1218/123000.290:ERROR:process_metrics.cc(105)] NOT IMPLEMENTED
12월 18, 2017 12:30:00.29 [8608:10244:1218/123000.290:ERROR:process_metrics.cc(105)] NOT IMPLEMENTED
12월 18, 2017 12:30:00.29 [8608:10244:1218/123000.290:ERROR:process_metrics.cc(105)] NOT IMPLEMENTED
12월 18, 2017 12:32:00.29 [8608:10244:1218/123200.298:ERROR:process_metrics.cc(105)] NOT IMPLEMENTED
12월 18, 2017 12:32:00.29 [8608:10244:1218/123200.298:ERROR:process_metrics.cc(105)] NOT IMPLEMENTED
12월 18, 2017 12:32:00.29 [8608:10244:1218/123200.298:ERROR:process_metrics.cc(105)] NOT IMPLEMENTED
12월 18, 2017 18:39:50.14 [5916:6460:1218/183950.143:ERROR:process_metrics.cc(105)] NOT IMPLEMENTED
12월 18, 2017 18:39:50.14 [5916:6460:1218/183950.143:ERROR:process_metrics.cc(105)] NOT IMPLEMENTED
12월 18, 2017 18:39:50.14 [5916:6460:1218/183950.143:ERROR:process_metrics.cc(105)] NOT IMPLEMENTED
12월 18, 2017 18:41:50.14 [5916:6460:1218/184150.144:ERROR:process_metrics.cc(105)] NOT IMPLEMENTED
12월 18, 2017 18:41:50.14 [5916:6460:1218/184150.144:ERROR:process_metrics.cc(105)] NOT IMPLEMENTED
12월 18, 2017 18:41:50.14 [5916:6460:1218/184150.144:ERROR:process_metrics.cc(105)] NOT IMPLEMENTED
12월 18, 2017 18:43:50.15 [5916:6460:1218/184350.156:ERROR:process_metrics.cc(105)] NOT IMPLEMENTED
12월 18, 2017 18:43:50.15 [5916:6460:1218/184350.156:ERROR:process_metrics.cc(105)] NOT IMPLEMENTED
12월 18, 2017 18:43:50.15 [5916:6460:1218/184350.156:ERROR:process_metrics.cc(105)] NOT IMPLEMENTED
12월 18, 2017 18:45:50.15 [5916:6460:1218/184550.157:ERROR:process_metrics.cc(105)] NOT IMPLEMENTED
12월 18, 2017 18:45:50.15 [5916:6460:1218/184550.157:ERROR:process_metrics.cc(105)] NOT IMPLEMENTED
12월 18, 2017 18:45:50.15 [5916:6460:1218/184550.157:ERROR:process_metrics.cc(105)] NOT IMPLEMENTED
12월 18, 2017 18:45:50.15 [5916:6460:1218/184550.157:ERROR:process_metrics.cc(105)] NOT IMPLEMENTED
12월 18, 2017 18:47:50.16 [5916:6460:1218/184750.163:ERROR:process_metrics.cc(105)] NOT IMPLEMENTED
12월 18, 2017 18:47:50.16 [5916:6460:1218/184750.163:ERROR:process_metrics.cc(105)] NOT IMPLEMENTED
12월 18, 2017 18:47:50.16 [5916:6460:1218/184750.163:ERROR:process_metrics.cc(105)] NOT IMPLEMENTED
12월 18, 2017 18:49:50.17 [5916:6460:1218/184950.178:ERROR:process_metrics.cc(105)] NOT IMPLEMENTED
12월 18, 2017 18:49:50.17 [5916:6460:1218/184950.178:ERROR:process_metrics.cc(105)] NOT IMPLEMENTED
12월 18, 2017 18:49:50.17 [5916:6460:1218/184950.178:ERROR:process_metrics.cc(105)] NOT IMPLEMENTED
12월 18, 2017 18:51:50.18 [5916:6460:1218/185150.187:ERROR:process_metrics.cc(105)] NOT IMPLEMENTED
12월 18, 2017 18:51:50.18 [5916:6460:1218/185150.187:ERROR:process_metrics.cc(105)] NOT IMPLEMENTED
12월 18, 2017 18:51:50.18 [5916:6460:1218/185150.187:ERROR:process_metrics.cc(105)] NOT IMPLEMENTED
12월 18, 2017 18:53:50.19 [5916:6460:1218/185350.194:ERROR:process_metrics.cc(105)] NOT IMPLEMENTED
12월 18, 2017 18:53:50.19 [5916:6460:1218/185350.194:ERROR:process_metrics.cc(105)] NOT IMPLEMENTED
12월 18, 2017 18:53:50.19 [5916:6460:1218/185350.194:ERROR:process_metrics.cc(105)] NOT IMPLEMENTED
12월 18, 2017 18:55:50.19 [5916:6460:1218/185550.195:ERROR:process_metrics.cc(105)] NOT IMPLEMENTED
12월 18, 2017 18:55:50.19 [5916:6460:1218/185550.195:ERROR:process_metrics.cc(105)] NOT IMPLEMENTED
12월 18, 2017 18:55:50.19 [5916:6460:1218/185550.195:ERROR:process_metrics.cc(105)] NOT IMPLEMENTED
12월 18, 2017 18:55:50.19 [5916:6460:1218/185550.195:ERROR:process_metrics.cc(105)] NOT IMPLEMENTED
12월 18, 2017 18:55:50.19 [5916:6460:1218/185550.195:ERROR:process_metrics.cc(105)] NOT IMPLEMENTED
12월 18, 2017 18:57:50.20 [5916:6460:1218/185750.201:ERROR:process_metrics.cc(105)] NOT IMPLEMENTED
12월 18, 2017 18:57:50.20 [5916:6460:1218/185750.201:ERROR:process_metrics.cc(105)] NOT IMPLEMENTED
12월 18, 2017 18:57:50.20 [5916:6460:1218/185750.201:ERROR:process_metrics.cc(105)] NOT IMPLEMENTED
12월 18, 2017 18:59:50.21 [5916:6460:1218/185950.210:ERROR:process_metrics.cc(105)] NOT IMPLEMENTED
12월 18, 2017 18:59:50.21 [5916:6460:1218/185950.210:ERROR:process_metrics.cc(105)] NOT IMPLEMENTED
12월 18, 2017 18:59:50.21 [5916:6460:1218/185950.210:ERROR:process_metrics.cc(105)] NOT IMPLEMENTED
12월 18, 2017 19:01:50.21 [5916:6460:1218/190150.219:ERROR:process_metrics.cc(105)] NOT IMPLEMENTED
12월 18, 2017 19:01:50.21 [5916:6460:1218/190150.219:ERROR:process_metrics.cc(105)] NOT IMPLEMENTED
12월 18, 2017 19:01:50.21 [5916:6460:1218/190150.219:ERROR:process_metrics.cc(105)] NOT IMPLEMENTED
12월 18, 2017 19:03:50.22 [5916:6460:1218/190350.221:ERROR:process_metrics.cc(105)] NOT IMPLEMENTED
12월 18, 2017 19:03:50.22 [5916:6460:1218/190350.221:ERROR:process_metrics.cc(105)] NOT IMPLEMENTED
12월 18, 2017 19:03:50.22 [5916:6460:1218/190350.221:ERROR:process_metrics.cc(105)] NOT IMPLEMENTED
12월 18, 2017 19:05:50.23 [5916:6460:1218/190550.232:ERROR:process_metrics.cc(105)] NOT IMPLEMENTED
12월 18, 2017 19:05:50.23 [5916:6460:1218/190550.232:ERROR:process_metrics.cc(105)] NOT IMPLEMENTED
12월 18, 2017 19:05:50.23 [5916:6460:1218/190550.232:ERROR:process_metrics.cc(105)] NOT IMPLEMENTED
12월 18, 2017 19:07:50.23 [5916:6460:1218/190750.233:ERROR:process_metrics.cc(105)] NOT IMPLEMENTED
12월 18, 2017 19:07:50.23 [5916:6460:1218/190750.233:ERROR:process_metrics.cc(105)] NOT IMPLEMENTED
12월 18, 2017 19:07:50.23 [5916:6460:1218/190750.233:ERROR:process_metrics.cc(105)] NOT IMPLEMENTED
12월 18, 2017 19:09:50.26 [5916:6460:1218/190950.244:ERROR:process_metrics.cc(105)] NOT IMPLEMENTED
12월 18, 2017 19:09:50.26 [5916:6460:1218/190950.244:ERROR:process_metrics.cc(105)] NOT IMPLEMENTED
12월 18, 2017 19:09:50.26 [5916:6460:1218/190950.244:ERROR:process_metrics.cc(105)] NOT IMPLEMENTED
12월 18, 2017 19:11:50.25 [5916:6460:1218/191150.257:ERROR:process_metrics.cc(105)] NOT IMPLEMENTED
12월 18, 2017 19:11:50.25 [5916:6460:1218/191150.257:ERROR:process_metrics.cc(105)] NOT IMPLEMENTED
12월 18, 2017 19:11:50.25 [5916:6460:1218/191150.257:ERROR:process_metrics.cc(105)] NOT IMPLEMENTED
12월 18, 2017 19:13:50.26 [5916:6460:1218/191350.269:ERROR:process_metrics.cc(105)] NOT IMPLEMENTED
12월 18, 2017 19:13:50.26 [5916:6460:1218/191350.269:ERROR:process_metrics.cc(105)] NOT IMPLEMENTED
12월 18, 2017 19:13:50.26 [5916:6460:1218/191350.269:ERROR:process_metrics.cc(105)] NOT IMPLEMENTED
12월 18, 2017 19:15:50.28 [5916:6460:1218/191550.283:ERROR:process_metrics.cc(105)] NOT IMPLEMENTED
12월 18, 2017 19:15:50.28 [5916:6460:1218/191550.283:ERROR:process_metrics.cc(105)] NOT IMPLEMENTED
12월 18, 2017 19:15:50.28 [5916:6460:1218/191550.283:ERROR:process_metrics.cc(105)] NOT IMPLEMENTED
12월 18, 2017 19:17:50.28 [5916:6460:1218/191750.286:ERROR:process_metrics.cc(105)] NOT IMPLEMENTED
12월 18, 2017 19:17:50.28 [5916:6460:1218/191750.286:ERROR:process_metrics.cc(105)] NOT IMPLEMENTED
12월 18, 2017 19:17:50.28 [5916:6460:1218/191750.286:ERROR:process_metrics.cc(105)] NOT IMPLEMENTED
12월 18, 2017 19:19:50.29 [5916:6460:1218/191950.299:ERROR:process_metrics.cc(105)] NOT IMPLEMENTED
12월 18, 2017 19:19:50.29 [5916:6460:1218/191950.299:ERROR:process_metrics.cc(105)] NOT IMPLEMENTED
12월 18, 2017 19:19:50.29 [5916:6460:1218/191950.299:ERROR:process_metrics.cc(105)] NOT IMPLEMENTED
12월 18, 2017 19:21:50.31 [5916:6460:1218/192150.311:ERROR:process_metrics.cc(105)] NOT IMPLEMENTED
12월 18, 2017 19:21:50.31 [5916:6460:1218/192150.311:ERROR:process_metrics.cc(105)] NOT IMPLEMENTED
12월 18, 2017 19:21:50.31 [5916:6460:1218/192150.311:ERROR:process_metrics.cc(105)] NOT IMPLEMENTED
12월 18, 2017 19:23:50.32 [5916:6460:1218/192350.324:ERROR:process_metrics.cc(105)] NOT IMPLEMENTED
12월 18, 2017 19:23:50.32 [5916:6460:1218/192350.324:ERROR:process_metrics.cc(105)] NOT IMPLEMENTED
12월 18, 2017 19:23:50.32 [5916:6460:1218/192350.324:ERROR:process_metrics.cc(105)] NOT IMPLEMENTED
12월 18, 2017 19:24:03.14 [5916:6460:1218/192403.142:ERROR:ssl_client_socket_impl.cc(1084)] handshake failed; returned -1, SSL error code 1, net_error -101
12월 18, 2017 19:25:50.32 [5916:6460:1218/192550.326:ERROR:process_metrics.cc(105)] NOT IMPLEMENTED
12월 18, 2017 19:25:50.32 [5916:6460:1218/192550.326:ERROR:process_metrics.cc(105)] NOT IMPLEMENTED
12월 18, 2017 19:25:50.32 [5916:6460:1218/192550.326:ERROR:process_metrics.cc(105)] NOT IMPLEMENTED
12월 18, 2017 19:27:50.32 [5916:6460:1218/192750.327:ERROR:process_metrics.cc(105)] NOT IMPLEMENTED
12월 18, 2017 19:27:50.32 [5916:6460:1218/192750.327:ERROR:process_metrics.cc(105)] NOT IMPLEMENTED
12월 18, 2017 19:27:50.32 [5916:6460:1218/192750.327:ERROR:process_metrics.cc(105)] NOT IMPLEMENTED
12월 18, 2017 19:29:50.32 [5916:6460:1218/192950.328:ERROR:process_metrics.cc(105)] NOT IMPLEMENTED
12월 18, 2017 19:29:50.32 [5916:6460:1218/192950.328:ERROR:process_metrics.cc(105)] NOT IMPLEMENTED
12월 18, 2017 19:29:50.32 [5916:6460:1218/192950.328:ERROR:process_metrics.cc(105)] NOT IMPLEMENTED
12월 18, 2017 19:29:50.33 [5916:6460:1218/192950.328:ERROR:process_metrics.cc(105)] NOT IMPLEMENTED
12월 18, 2017 19:29:50.33 [5916:6460:1218/192950.328:ERROR:process_metrics.cc(105)] NOT IMPLEMENTED
12월 18, 2017 19:31:50.33 [5916:6460:1218/193150.330:ERROR:process_metrics.cc(105)] NOT IMPLEMENTED
12월 18, 2017 19:31:50.33 [5916:6460:1218/193150.330:ERROR:process_metrics.cc(105)] NOT IMPLEMENTED
12월 18, 2017 19:31:50.33 [5916:6460:1218/193150.330:ERROR:process_metrics.cc(105)] NOT IMPLEMENTED
12월 18, 2017 19:33:50.33 [5916:6460:1218/193350.332:ERROR:process_metrics.cc(105)] NOT IMPLEMENTED
12월 18, 2017 19:33:50.33 [5916:6460:1218/193350.332:ERROR:process_metrics.cc(105)] NOT IMPLEMENTED
12월 18, 2017 19:33:50.33 [5916:6460:1218/193350.332:ERROR:process_metrics.cc(105)] NOT IMPLEMENTED
12월 18, 2017 19:33:50.33 [5916:6460:1218/193350.332:ERROR:process_metrics.cc(105)] NOT IMPLEMENTED
12월 18, 2017 19:33:50.33 [5916:6460:1218/193350.332:ERROR:process_metrics.cc(105)] NOT IMPLEMENTED

12월 19, 2017 15:07:38.92 NEW SESSION
12월 19, 2017 15:07:38.92 [13264:10344:1219/150738.924:ERROR:process_metrics.cc(105)] NOT IMPLEMENTED
12월 19, 2017 15:07:38.92 [13264:10344:1219/150738.924:ERROR:process_metrics.cc(105)] NOT IMPLEMENTED
12월 19, 2017 15:07:38.92 [13264:10344:1219/150738.924:ERROR:process_metrics.cc(105)] NOT IMPLEMENTED
12월 19, 2017 15:07:38.92 [13264:10344:1219/150738.924:ERROR:process_metrics.cc(105)] NOT IMPLEMENTED
12월 19, 2017 15:09:38.93 [13264:10344:1219/150938.937:ERROR:process_metrics.cc(105)] NOT IMPLEMENTED
12월 19, 2017 15:09:38.93 [13264:10344:1219/150938.937:ERROR:process_metrics.cc(105)] NOT IMPLEMENTED
12월 19, 2017 15:09:38.93 [13264:10344:1219/150938.937:ERROR:process_metrics.cc(105)] NOT IMPLEMENTED
12월 19, 2017 15:09:38.93 [13264:10344:1219/150938.937:ERROR:process_metrics.cc(105)] NOT IMPLEMENTED
12월 19, 2017 15:09:38.93 [13264:10344:1219/150938.937:ERROR:process_metrics.cc(105)] NOT IMPLEMENTED
12월 19, 2017 15:11:38.94 [13264:10344:1219/151138.941:ERROR:process_metrics.cc(105)] NOT IMPLEMENTED
12월 19, 2017 15:11:38.94 [13264:10344:1219/151138.941:ERROR:process_metrics.cc(105)] NOT IMPLEMENTED
12월 19, 2017 15:11:38.94 [13264:10344:1219/151138.941:ERROR:process_metrics.cc(105)] NOT IMPLEMENTED
12월 19, 2017 15:11:38.94 [13264:10344:1219/151138.941:ERROR:process_metrics.cc(105)] NOT IMPLEMENTED
12월 19, 2017 15:11:38.94 [13264:10344:1219/151138.941:ERROR:process_metrics.cc(105)] NOT IMPLEMENTED
12월 19, 2017 15:13:38.94 [13264:10344:1219/151338.946:ERROR:process_metrics.cc(105)] NOT IMPLEMENTED
12월 19, 2017 15:13:38.94 [13264:10344:1219/151338.946:ERROR:process_metrics.cc(105)] NOT IMPLEMENTED
12월 19, 2017 15:13:38.94 [13264:10344:1219/151338.946:ERROR:process_metrics.cc(105)] NOT IMPLEMENTED
12월 19, 2017 15:13:38.94 [13264:10344:1219/151338.946:ERROR:process_metrics.cc(105)] NOT IMPLEMENTED
12월 19, 2017 15:13:38.94 [13264:10344:1219/151338.946:ERROR:process_metrics.cc(105)] NOT IMPLEMENTED
12월 19, 2017 15:15:38.95 [13264:10344:1219/151538.950:ERROR:process_metrics.cc(105)] NOT IMPLEMENTED
12월 19, 2017 15:15:38.95 [13264:10344:1219/151538.950:ERROR:process_metrics.cc(105)] NOT IMPLEMENTED
12월 19, 2017 15:15:38.95 [13264:10344:1219/151538.950:ERROR:process_metrics.cc(105)] NOT IMPLEMENTED
12월 19, 2017 15:15:38.95 [13264:10344:1219/151538.950:ERROR:process_metrics.cc(105)] NOT IMPLEMENTED
12월 19, 2017 15:15:38.95 [13264:10344:1219/151538.950:ERROR:process_metrics.cc(105)] NOT IMPLEMENTED
12월 19, 2017 15:17:38.95 [13264:10344:1219/151738.954:ERROR:process_metrics.cc(105)] NOT IMPLEMENTED
12월 19, 2017 15:17:38.95 [13264:10344:1219/151738.954:ERROR:process_metrics.cc(105)] NOT IMPLEMENTED
12월 19, 2017 15:17:38.95 [13264:10344:1219/151738.954:ERROR:process_metrics.cc(105)] NOT IMPLEMENTED
12월 19, 2017 15:17:38.95 [13264:10344:1219/151738.954:ERROR:process_metrics.cc(105)] NOT IMPLEMENTED
12월 19, 2017 15:17:38.95 [13264:10344:1219/151738.954:ERROR:process_metrics.cc(105)] NOT IMPLEMENTED
12월 19, 2017 15:19:38.96 [13264:10344:1219/151938.965:ERROR:process_metrics.cc(105)] NOT IMPLEMENTED
12월 19, 2017 15:19:38.96 [13264:10344:1219/151938.965:ERROR:process_metrics.cc(105)] NOT IMPLEMENTED
12월 19, 2017 15:19:38.96 [13264:10344:1219/151938.965:ERROR:process_metrics.cc(105)] NOT IMPLEMENTED
12월 19, 2017 15:19:38.96 [13264:10344:1219/151938.965:ERROR:process_metrics.cc(105)] NOT IMPLEMENTED
12월 19, 2017 15:21:38.96 [13264:10344:1219/152138.966:ERROR:process_metrics.cc(105)] NOT IMPLEMENTED
12월 19, 2017 15:21:38.96 [13264:10344:1219/152138.966:ERROR:process_metrics.cc(105)] NOT IMPLEMENTED
12월 19, 2017 15:21:38.96 [13264:10344:1219/152138.966:ERROR:process_metrics.cc(105)] NOT IMPLEMENTED
12월 19, 2017 15:21:38.96 [13264:10344:1219/152138.966:ERROR:process_metrics.cc(105)] NOT IMPLEMENTED
12월 19, 2017 15:23:38.96 [13264:10344:1219/152338.967:ERROR:process_metrics.cc(105)] NOT IMPLEMENTED
12월 19, 2017 15:23:38.96 [13264:10344:1219/152338.967:ERROR:process_metrics.cc(105)] NOT IMPLEMENTED
12월 19, 2017 15:23:38.96 [13264:10344:1219/152338.967:ERROR:process_metrics.cc(105)] NOT IMPLEMENTED
12월 19, 2017 15:25:38.96 [13264:10344:1219/152538.967:ERROR:process_metrics.cc(105)] NOT IMPLEMENTED
12월 19, 2017 15:25:38.96 [13264:10344:1219/152538.967:ERROR:process_metrics.cc(105)] NOT IMPLEMENTED
12월 19, 2017 15:25:38.96 [13264:10344:1219/152538.967:ERROR:process_metrics.cc(105)] NOT IMPLEMENTED
12월 19, 2017 15:27:38.98 [13264:10344:1219/152738.984:ERROR:process_metrics.cc(105)] NOT IMPLEMENTED
12월 19, 2017 15:27:38.98 [13264:10344:1219/152738.984:ERROR:process_metrics.cc(105)] NOT IMPLEMENTED
12월 19, 2017 15:27:38.98 [13264:10344:1219/152738.984:ERROR:process_metrics.cc(105)] NOT IMPLEMENTED
12월 19, 2017 15:27:38.98 [13264:10344:1219/152738.984:ERROR:process_metrics.cc(105)] NOT IMPLEMENTED
12월 19, 2017 15:27:38.98 [13264:10344:1219/152738.984:ERROR:process_metrics.cc(105)] NOT IMPLEMENTED
12월 19, 2017 15:29:38.98 [13264:10344:1219/152938.986:ERROR:process_metrics.cc(105)] NOT IMPLEMENTED
12월 19, 2017 15:29:38.98 [13264:10344:1219/152938.986:ERROR:process_metrics.cc(105)] NOT IMPLEMENTED
12월 19, 2017 15:29:38.98 [13264:10344:1219/152938.986:ERROR:process_metrics.cc(105)] NOT IMPLEMENTED
12월 19, 2017 15:29:38.98 [13264:10344:1219/152938.986:ERROR:process_metrics.cc(105)] NOT IMPLEMENTED
12월 19, 2017 15:29:38.98 [13264:10344:1219/152938.986:ERROR:process_metrics.cc(105)] NOT IMPLEMENTED
12월 19, 2017 15:30:35.04 [13264:10344:1219/153035.040:ERROR:service_manager.cc(157)] Connection InterfaceProviderSpec prevented service: content_renderer from binding interface: blink::mojom::ReportingServiceProxy exposed by: content_browser
12월 19, 2017 15:31:10.17 [13264:10344:1219/153110.170:ERROR:service_manager.cc(157)] Connection InterfaceProviderSpec prevented service: content_renderer from binding interface: blink::mojom::ReportingServiceProxy exposed by: content_browser
12월 19, 2017 15:31:31.04 [13264:10344:1219/153131.044:ERROR:service_manager.cc(157)] Connection InterfaceProviderSpec prevented service: content_renderer from binding interface: blink::mojom::ReportingServiceProxy exposed by: content_browser
12월 19, 2017 15:31:38.99 [13264:10344:1219/153138.992:ERROR:process_metrics.cc(105)] NOT IMPLEMENTED
12월 19, 2017 15:31:38.99 [13264:10344:1219/153138.992:ERROR:process_metrics.cc(105)] NOT IMPLEMENTED
12월 19, 2017 15:31:38.99 [13264:10344:1219/153138.992:ERROR:process_metrics.cc(105)] NOT IMPLEMENTED
12월 19, 2017 15:31:38.99 [13264:10344:1219/153138.992:ERROR:process_metrics.cc(105)] NOT IMPLEMENTED
12월 19, 2017 15:31:38.99 [13264:10344:1219/153138.992:ERROR:process_metrics.cc(105)] NOT IMPLEMENTED
12월 19, 2017 15:33:38.99 [13264:10344:1219/153338.997:ERROR:process_metrics.cc(105)] NOT IMPLEMENTED
12월 19, 2017 15:33:38.99 [13264:10344:1219/153338.997:ERROR:process_metrics.cc(105)] NOT IMPLEMENTED
12월 19, 2017 15:33:38.99 [13264:10344:1219/153338.997:ERROR:process_metrics.cc(105)] NOT IMPLEMENTED
12월 19, 2017 15:33:38.99 [13264:10344:1219/153338.997:ERROR:process_metrics.cc(105)] NOT IMPLEMENTED
12월 19, 2017 15:35:38.99 [13264:10344:1219/153538.998:ERROR:process_metrics.cc(105)] NOT IMPLEMENTED
12월 19, 2017 15:35:38.99 [13264:10344:1219/153538.998:ERROR:process_metrics.cc(105)] NOT IMPLEMENTED
12월 19, 2017 15:35:38.99 [13264:10344:1219/153538.998:ERROR:process_metrics.cc(105)] NOT IMPLEMENTED
12월 19, 2017 15:35:39.00 [13264:10344:1219/153538.998:ERROR:process_metrics.cc(105)] NOT IMPLEMENTED
12월 19, 2017 15:37:38.99 [13264:10344:1219/153738.999:ERROR:process_metrics.cc(105)] NOT IMPLEMENTED
12월 19, 2017 15:37:39.00 [13264:10344:1219/153738.999:ERROR:process_metrics.cc(105)] NOT IMPLEMENTED
12월 19, 2017 15:37:39.00 [13264:10344:1219/153738.999:ERROR:process_metrics.cc(105)] NOT IMPLEMENTED
12월 19, 2017 15:37:39.00 [13264:10344:1219/153738.999:ERROR:process_metrics.cc(105)] NOT IMPLEMENTED
12월 19, 2017 15:39:39.00 [13264:10344:1219/153939.001:ERROR:process_metrics.cc(105)] NOT IMPLEMENTED
12월 19, 2017 15:39:39.00 [13264:10344:1219/153939.001:ERROR:process_metrics.cc(105)] NOT IMPLEMENTED
12월 19, 2017 15:39:39.00 [13264:10344:1219/153939.001:ERROR:process_metrics.cc(105)] NOT IMPLEMENTED
12월 19, 2017 15:39:39.00 [13264:10344:1219/153939.001:ERROR:process_metrics.cc(105)] NOT IMPLEMENTED
12월 19, 2017 15:39:39.00 [13264:10344:1219/153939.001:ERROR:process_metrics.cc(105)] NOT IMPLEMENTED
12월 19, 2017 15:41:39.01 [13264:10344:1219/154139.011:ERROR:process_metrics.cc(105)] NOT IMPLEMENTED
12월 19, 2017 15:41:39.01 [13264:10344:1219/154139.011:ERROR:process_metrics.cc(105)] NOT IMPLEMENTED
12월 19, 2017 15:41:39.01 [13264:10344:1219/154139.011:ERROR:process_metrics.cc(105)] NOT IMPLEMENTED
12월 19, 2017 15:41:39.01 [13264:10344:1219/154139.011:ERROR:process_metrics.cc(105)] NOT IMPLEMENTED
12월 19, 2017 15:43:39.01 [13264:10344:1219/154339.013:ERROR:process_metrics.cc(105)] NOT IMPLEMENTED
12월 19, 2017 15:43:39.01 [13264:10344:1219/154339.013:ERROR:process_metrics.cc(105)] NOT IMPLEMENTED
12월 19, 2017 15:43:39.01 [13264:10344:1219/154339.013:ERROR:process_metrics.cc(105)] NOT IMPLEMENTED
12월 19, 2017 15:43:39.01 [13264:10344:1219/154339.013:ERROR:process_metrics.cc(105)] NOT IMPLEMENTED
12월 19, 2017 15:43:42.98 [13264:10344:1219/154342.984:ERROR:service_manager.cc(157)] Connection InterfaceProviderSpec prevented service: content_renderer from binding interface: blink::mojom::ReportingServiceProxy exposed by: content_browser
12월 19, 2017 15:45:39.02 [13264:10344:1219/154539.021:ERROR:process_metrics.cc(105)] NOT IMPLEMENTED
12월 19, 2017 15:45:39.02 [13264:10344:1219/154539.021:ERROR:process_metrics.cc(105)] NOT IMPLEMENTED
12월 19, 2017 15:45:39.02 [13264:10344:1219/154539.021:ERROR:process_metrics.cc(105)] NOT IMPLEMENTED
12월 19, 2017 15:45:39.02 [13264:10344:1219/154539.021:ERROR:process_metrics.cc(105)] NOT IMPLEMENTED
12월 19, 2017 15:45:39.02 [13264:10344:1219/154539.021:ERROR:process_metrics.cc(105)] NOT IMPLEMENTED
12월 19, 2017 15:47:39.02 [13264:10344:1219/154739.022:ERROR:process_metrics.cc(105)] NOT IMPLEMENTED
12월 19, 2017 15:47:39.02 [13264:10344:1219/154739.022:ERROR:process_metrics.cc(105)] NOT IMPLEMENTED
12월 19, 2017 15:47:39.02 [13264:10344:1219/154739.022:ERROR:process_metrics.cc(105)] NOT IMPLEMENTED
12월 19, 2017 15:47:39.02 [13264:10344:1219/154739.022:ERROR:process_metrics.cc(105)] NOT IMPLEMENTED
12월 19, 2017 15:47:39.02 [13264:10344:1219/154739.022:ERROR:process_metrics.cc(105)] NOT IMPLEMENTED
12월 19, 2017 15:49:39.02 [13264:10344:1219/154939.022:ERROR:process_metrics.cc(105)] NOT IMPLEMENTED
12월 19, 2017 15:49:39.02 [13264:10344:1219/154939.022:ERROR:process_metrics.cc(105)] NOT IMPLEMENTED
12월 19, 2017 15:49:39.02 [13264:10344:1219/154939.022:ERROR:process_metrics.cc(105)] NOT IMPLEMENTED
12월 19, 2017 15:49:39.02 [13264:10344:1219/154939.022:ERROR:process_metrics.cc(105)] NOT IMPLEMENTED
12월 19, 2017 15:51:39.02 [13264:10344:1219/155139.023:ERROR:process_metrics.cc(105)] NOT IMPLEMENTED
12월 19, 2017 15:51:39.02 [13264:10344:1219/155139.023:ERROR:process_metrics.cc(105)] NOT IMPLEMENTED
12월 19, 2017 15:51:39.02 [13264:10344:1219/155139.023:ERROR:process_metrics.cc(105)] NOT IMPLEMENTED
12월 19, 2017 15:51:39.02 [13264:10344:1219/155139.023:ERROR:process_metrics.cc(105)] NOT IMPLEMENTED
12월 19, 2017 15:53:39.02 [13264:10344:1219/155339.024:ERROR:process_metrics.cc(105)] NOT IMPLEMENTED
12월 19, 2017 15:53:39.02 [13264:10344:1219/155339.024:ERROR:process_metrics.cc(105)] NOT IMPLEMENTED
12월 19, 2017 15:53:39.02 [13264:10344:1219/155339.024:ERROR:process_metrics.cc(105)] NOT IMPLEMENTED
12월 19, 2017 15:53:39.02 [13264:10344:1219/155339.024:ERROR:process_metrics.cc(105)] NOT IMPLEMENTED
12월 19, 2017 15:53:39.02 [13264:10344:1219/155339.024:ERROR:process_metrics.cc(105)] NOT IMPLEMENTED
12월 19, 2017 15:53:39.02 [13264:10344:1219/155339.024:ERROR:process_metrics.cc(105)] NOT IMPLEMENTED
12월 19, 2017 15:55:39.02 [13264:10344:1219/155539.025:ERROR:process_metrics.cc(105)] NOT IMPLEMENTED
12월 19, 2017 15:55:39.02 [13264:10344:1219/155539.025:ERROR:process_metrics.cc(105)] NOT IMPLEMENTED
12월 19, 2017 15:55:39.02 [13264:10344:1219/155539.025:ERROR:process_metrics.cc(105)] NOT IMPLEMENTED
12월 19, 2017 15:55:39.02 [13264:10344:1219/155539.025:ERROR:process_metrics.cc(105)] NOT IMPLEMENTED
12월 19, 2017 15:55:39.02 [13264:10344:1219/155539.025:ERROR:process_metrics.cc(105)] NOT IMPLEMENTED
12월 19, 2017 15:55:39.02 [13264:10344:1219/155539.025:ERROR:process_metrics.cc(105)] NOT IMPLEMENTED
12월 19, 2017 15:57:39.02 [13264:10344:1219/155739.028:ERROR:process_metrics.cc(105)] NOT IMPLEMENTED
12월 19, 2017 15:57:39.02 [13264:10344:1219/155739.028:ERROR:process_metrics.cc(105)] NOT IMPLEMENTED
12월 19, 2017 15:57:39.02 [13264:10344:1219/155739.028:ERROR:process_metrics.cc(105)] NOT IMPLEMENTED
12월 19, 2017 15:57:39.02 [13264:10344:1219/155739.028:ERROR:process_metrics.cc(105)] NOT IMPLEMENTED
12월 19, 2017 15:57:39.02 [13264:10344:1219/155739.028:ERROR:process_metrics.cc(105)] NOT IMPLEMENTED
12월 19, 2017 15:57:39.02 [13264:10344:1219/155739.028:ERROR:process_metrics.cc(105)] NOT IMPLEMENTED
12월 19, 2017 15:57:39.02 [13264:10344:1219/155739.028:ERROR:process_metrics.cc(105)] NOT IMPLEMENTED
12월 19, 2017 15:59:39.04 [13264:10344:1219/155939.044:ERROR:process_metrics.cc(105)] NOT IMPLEMENTED
12월 19, 2017 15:59:39.04 [13264:10344:1219/155939.044:ERROR:process_metrics.cc(105)] NOT IMPLEMENTED
12월 19, 2017 15:59:39.04 [13264:10344:1219/155939.044:ERROR:process_metrics.cc(105)] NOT IMPLEMENTED
12월 19, 2017 15:59:39.04 [13264:10344:1219/155939.044:ERROR:process_metrics.cc(105)] NOT IMPLEMENTED
12월 19, 2017 15:59:39.04 [13264:10344:1219/155939.044:ERROR:process_metrics.cc(105)] NOT IMPLEMENTED
12월 19, 2017 15:59:39.04 [13264:10344:1219/155939.044:ERROR:process_metrics.cc(105)] NOT IMPLEMENTED
12월 19, 2017 16:01:39.05 [13264:10344:1219/160139.054:ERROR:process_metrics.cc(105)] NOT IMPLEMENTED
12월 19, 2017 16:01:39.05 [13264:10344:1219/160139.054:ERROR:process_metrics.cc(105)] NOT IMPLEMENTED
12월 19, 2017 16:01:39.05 [13264:10344:1219/160139.054:ERROR:process_metrics.cc(105)] NOT IMPLEMENTED
12월 19, 2017 16:01:39.05 [13264:10344:1219/160139.054:ERROR:process_metrics.cc(105)] NOT IMPLEMENTED
12월 19, 2017 16:01:39.05 [13264:10344:1219/160139.054:ERROR:process_metrics.cc(105)] NOT IMPLEMENTED
12월 19, 2017 16:01:39.05 [13264:10344:1219/160139.054:ERROR:process_metrics.cc(105)] NOT IMPLEMENTED
12월 19, 2017 16:03:39.05 [13264:10344:1219/160339.055:ERROR:process_metrics.cc(105)] NOT IMPLEMENTED
12월 19, 2017 16:03:39.05 [13264:10344:1219/160339.055:ERROR:process_metrics.cc(105)] NOT IMPLEMENTED
12월 19, 2017 16:03:39.05 [13264:10344:1219/160339.055:ERROR:process_metrics.cc(105)] NOT IMPLEMENTED
12월 19, 2017 16:03:39.05 [13264:10344:1219/160339.055:ERROR:process_metrics.cc(105)] NOT IMPLEMENTED
12월 19, 2017 16:03:39.05 [13264:10344:1219/160339.055:ERROR:process_metrics.cc(105)] NOT IMPLEMENTED
12월 19, 2017 16:03:39.05 [13264:10344:1219/160339.055:ERROR:process_metrics.cc(105)] NOT IMPLEMENTED

12월 20, 2017 09:30:53.59 NEW SESSION
12월 20, 2017 09:30:53.59 [8824:10736:1220/093053.591:ERROR:process_metrics.cc(105)] NOT IMPLEMENTED
12월 20, 2017 09:30:53.59 [8824:10736:1220/093053.591:ERROR:process_metrics.cc(105)] NOT IMPLEMENTED
12월 20, 2017 09:30:53.59 [8824:10736:1220/093053.591:ERROR:process_metrics.cc(105)] NOT IMPLEMENTED
